<?xml version="1.0" encoding="UTF-8"?>
<robot generator="Robot 7.0 (Python 3.12.2 on win32)" generated="2024-05-17T19:46:21.831732" rpa="false" schemaversion="5">
<suite id="s1" name="TestCases" source="C:\Demoblaze_Robot\TestCases">
<suite id="s1-s1" name="ProductAdd" source="C:\Demoblaze_Robot\TestCases\ProductAdd.robot">
<test id="s1-s1-t1" name="Verify the values" line="13">
<kw name="open the browser" owner="GenericPage" type="SETUP">
<kw name="Create Webdriver" owner="SeleniumLibrary">
<msg time="2024-05-17T19:46:22.236211" level="INFO">Creating an instance of the Chrome WebDriver.</msg>
<arg>${browser_name}</arg>
<doc>Creates an instance of Selenium WebDriver.</doc>
<status status="PASS" start="2024-05-17T19:46:22.236211" elapsed="4.017765"/>
</kw>
<kw name="Go To" owner="SeleniumLibrary">
<msg time="2024-05-17T19:46:26.254885" level="INFO">Opening url 'https://www.demoblaze.com/'</msg>
<arg>${url}</arg>
<doc>Navigates the current browser window to the provided ``url``.</doc>
<status status="PASS" start="2024-05-17T19:46:26.253976" elapsed="2.305719"/>
</kw>
<kw name="Maximize Browser Window" owner="SeleniumLibrary">
<doc>Maximizes current browser window.</doc>
<status status="PASS" start="2024-05-17T19:46:28.559695" elapsed="0.501613"/>
</kw>
<kw name="Set Selenium Implicit Wait" owner="SeleniumLibrary">
<arg>5</arg>
<doc>Sets the implicit wait value used by Selenium.</doc>
<status status="PASS" start="2024-05-17T19:46:29.061308" elapsed="0.008496"/>
</kw>
<status status="PASS" start="2024-05-17T19:46:22.236211" elapsed="6.833593"/>
</kw>
<kw name="Add the product to the cart">
<msg time="2024-05-17T19:46:29.078885" level="FAIL">Variable '${username}' not found.</msg>
<arg>${username}</arg>
<status status="FAIL" start="2024-05-17T19:46:29.069804" elapsed="0.009783">Variable '${username}' not found.</status>
</kw>
<kw name="close browser session" owner="GenericPage" type="TEARDOWN">
<kw name="Close Browser" owner="SeleniumLibrary">
<doc>Closes the current browser.</doc>
<status status="PASS" start="2024-05-17T19:46:29.081226" elapsed="3.057547"/>
</kw>
<status status="PASS" start="2024-05-17T19:46:29.080409" elapsed="3.058364"/>
</kw>
<status status="FAIL" start="2024-05-17T19:46:22.236211" elapsed="9.902562">Variable '${username}' not found.</status>
</test>
<doc>To validate the login</doc>
<status status="FAIL" start="2024-05-17T19:46:21.869082" elapsed="10.269691"/>
</suite>
<status status="FAIL" start="2024-05-17T19:46:21.845350" elapsed="10.293423"/>
</suite>
<statistics>
<total>
<stat pass="0" fail="1" skip="0">All Tests</stat>
</total>
<tag>
</tag>
<suite>
<stat pass="0" fail="1" skip="0" id="s1" name="TestCases">TestCases</stat>
<stat pass="0" fail="1" skip="0" id="s1-s1" name="ProductAdd">TestCases.ProductAdd</stat>
</suite>
</statistics>
<errors>
<msg time="2024-05-17T19:46:22.236211" level="ERROR">[ DataDriver ] Error in robot file:
  File "C:\Demoblaze_Robot\TestCases\ProductAdd.robot", line 0</msg>
<msg time="2024-05-17T19:46:22.236211" level="ERROR">In source file:
  File "../TestDatas/LoginData.csv", line 0</msg>
<msg time="2024-05-17T19:46:22.236211" level="ERROR">Calling method '_start_suite' of listener 'DataDriver' failed: FileNotFoundError: File attribute was not a full path. Tried to find C:\Demoblaze_Robot\TestCases\..\TestDatas\LoginData.csv but file does not exist.</msg>
</errors>
</robot>
