<?xml version="1.0" encoding="UTF-8"?>
<robot generator="Robot 7.0 (Python 3.12.2 on win32)" generated="2024-05-17T19:46:21.864077" rpa="false" schemaversion="5">
<suite id="s1" name="TestCases" source="C:\Demoblaze_Robot\TestCases">
<suite id="s1-s1" name="LoginSuccessTest" source="C:\Demoblaze_Robot\TestCases\LoginSuccessTest.robot">
<test id="s1-s1-t1" name="validates the successful msg" line="12">
<kw name="open the browser" owner="GenericPage" type="SETUP">
<kw name="Create Webdriver" owner="SeleniumLibrary">
<msg time="2024-05-17T19:46:22.222195" level="INFO">Creating an instance of the Chrome WebDriver.</msg>
<arg>${browser_name}</arg>
<doc>Creates an instance of Selenium WebDriver.</doc>
<status status="PASS" start="2024-05-17T19:46:22.222195" elapsed="3.921307"/>
</kw>
<kw name="Go To" owner="SeleniumLibrary">
<msg time="2024-05-17T19:46:26.143502" level="INFO">Opening url 'https://www.demoblaze.com/'</msg>
<arg>${url}</arg>
<doc>Navigates the current browser window to the provided ``url``.</doc>
<status status="PASS" start="2024-05-17T19:46:26.143502" elapsed="2.430696"/>
</kw>
<kw name="Maximize Browser Window" owner="SeleniumLibrary">
<doc>Maximizes current browser window.</doc>
<status status="PASS" start="2024-05-17T19:46:28.579396" elapsed="0.149099"/>
</kw>
<kw name="Set Selenium Implicit Wait" owner="SeleniumLibrary">
<arg>5</arg>
<doc>Sets the implicit wait value used by Selenium.</doc>
<status status="PASS" start="2024-05-17T19:46:28.728495" elapsed="0.077124"/>
</kw>
<status status="PASS" start="2024-05-17T19:46:22.222195" elapsed="6.583424"/>
</kw>
<kw name="validate the successful login">
<msg time="2024-05-17T19:46:28.808130" level="FAIL">Variable '${username}' not found.</msg>
<arg>${username}</arg>
<arg>${password}</arg>
<status status="FAIL" start="2024-05-17T19:46:28.805619" elapsed="0.002511">Variable '${username}' not found.</status>
</kw>
<kw name="close browser session" owner="GenericPage" type="TEARDOWN">
<kw name="Close Browser" owner="SeleniumLibrary">
<doc>Closes the current browser.</doc>
<status status="PASS" start="2024-05-17T19:46:28.811140" elapsed="3.247869"/>
</kw>
<status status="PASS" start="2024-05-17T19:46:28.811140" elapsed="3.247869"/>
</kw>
<status status="FAIL" start="2024-05-17T19:46:22.222195" elapsed="9.836814">Variable '${username}' not found.</status>
</test>
<status status="FAIL" start="2024-05-17T19:46:21.947246" elapsed="10.111763"/>
</suite>
<status status="FAIL" start="2024-05-17T19:46:21.920441" elapsed="10.138568"/>
</suite>
<statistics>
<total>
<stat pass="0" fail="1" skip="0">All Tests</stat>
</total>
<tag>
</tag>
<suite>
<stat pass="0" fail="1" skip="0" id="s1" name="TestCases">TestCases</stat>
<stat pass="0" fail="1" skip="0" id="s1-s1" name="LoginSuccessTest">TestCases.LoginSuccessTest</stat>
</suite>
</statistics>
<errors>
<msg time="2024-05-17T19:46:22.222195" level="ERROR">[ DataDriver ] Error in robot file:
  File "C:\Demoblaze_Robot\TestCases\LoginSuccessTest.robot", line 0</msg>
<msg time="2024-05-17T19:46:22.222195" level="ERROR">In source file:
  File "../TestDatas/LoginData.csv", line 0</msg>
<msg time="2024-05-17T19:46:22.222195" level="ERROR">Calling method '_start_suite' of listener 'DataDriver' failed: FileNotFoundError: File attribute was not a full path. Tried to find C:\Demoblaze_Robot\TestCases\..\TestDatas\LoginData.csv but file does not exist.</msg>
</errors>
</robot>
